{"name": "Открытие модального окна ингредиента", "status": "failed", "statusDetails": {"message": "AssertionError: Модальное окно не открылось\nassert False\n +  where False = <bound method IngredientDetailsPage.is_modal_open of <page.ingridient_details_page.IngredientDetailsPage object at 0x106cd0d30>>()\n +    where <bound method IngredientDetailsPage.is_modal_open of <page.ingridient_details_page.IngredientDetailsPage object at 0x106cd0d30>> = <page.ingridient_details_page.IngredientDetailsPage object at 0x106cd0d30>.is_modal_open", "trace": "self = <test_constructor.TestConstructor object at 0x106cd0f70>\nopen_browser = <selenium.webdriver.chrome.webdriver.WebDriver (session=\"2d92569f2cba770091ec3cb20b586269\")>\n\n    @allure.title('Открытие модального окна ингредиента')\n    def test_open_ingredient_modal(self, open_browser):\n        home_page = HomePage(open_browser)\n        ingredient_details = IngredientDetailsPage(open_browser)\n        home_page.open_home_page()\n        home_page.click_fluorescent_bun()\n>       assert ingredient_details.is_modal_open(), \"Модальное окно не открылось\"\nE       AssertionError: Модальное окно не открылось\nE       assert False\nE        +  where False = <bound method IngredientDetailsPage.is_modal_open of <page.ingridient_details_page.IngredientDetailsPage object at 0x106cd0d30>>()\nE        +    where <bound method IngredientDetailsPage.is_modal_open of <page.ingridient_details_page.IngredientDetailsPage object at 0x106cd0d30>> = <page.ingridient_details_page.IngredientDetailsPage object at 0x106cd0d30>.is_modal_open\n\ntests/test_constructor.py:14: AssertionError"}, "steps": [{"name": "Открытие главной страницы сайта", "status": "passed", "steps": [{"name": "Переход по URL: 'https://stellarburgers.nomoreparties.site/'", "status": "passed", "steps": [{"name": "Ожидание видимости элемента: ('xpath', \"//section[2]/div/button[text()='Войти в аккаунт']\")", "status": "passed", "parameters": [{"name": "locator", "value": "('xpath', \"//section[2]/div/button[text()='Войти в аккаунт']\")"}], "start": 1729771459615, "stop": 1729771459630}], "parameters": [{"name": "url", "value": "'https://stellarburgers.nomoreparties.site/'"}, {"name": "expected_element", "value": "('xpath', \"//section[2]/div/button[text()='Войти в аккаунт']\")"}], "start": 1729771459188, "stop": 1729771459630}], "start": 1729771459188, "stop": 1729771459630}, {"name": "Клик по флуоресцентной булочке", "status": "passed", "steps": [{"name": "Ожидание видимости элемента: ('xpath', \"//p[contains(text(), 'Флюоресцентная булка')]/parent::a\")", "status": "passed", "parameters": [{"name": "locator", "value": "('xpath', \"//p[contains(text(), 'Флюоресцентная булка')]/parent::a\")"}], "start": 1729771459630, "stop": 1729771460162}, {"name": "Клик по элементу: ('xpath', \"//p[contains(text(), 'Флюоресцентная булка')]/parent::a\")", "status": "passed", "steps": [{"name": "Ожидание видимости элемента: ('xpath', \"//p[contains(text(), 'Флюоресцентная булка')]/parent::a\")", "status": "passed", "parameters": [{"name": "locator", "value": "('xpath', \"//p[contains(text(), 'Флюоресцентная булка')]/parent::a\")"}], "start": 1729771460162, "stop": 1729771460172}], "parameters": [{"name": "locator", "value": "('xpath', \"//p[contains(text(), 'Флюоресцентная булка')]/parent::a\")"}, {"name": "expected_element", "value": "None"}], "start": 1729771460162, "stop": 1729771460202}], "start": 1729771459630, "stop": 1729771460202}, {"name": "Проверка, что модальное окно ингредиента открыто", "status": "passed", "steps": [{"name": "Проверка, что элемент виден: ('xpath', \"//h2[text()='Детали ингредиента']\")", "status": "passed", "steps": [{"name": "Ожидание видимости элемента: ('xpath', \"//h2[text()='Детали ингредиента']\")", "status": "broken", "statusDetails": {"message": "TypeError: wait_for_element() takes 2 positional arguments but 3 were given\n", "trace": "  File \"/Users/artemkrivoshein/Diplom/Diplom_3/venv/lib/python3.9/site-packages/allure_commons/_allure.py\", line 192, in impl\n    return func(*a, **kw)\n"}, "parameters": [{"name": "locator", "value": "('xpath', \"//h2[text()='Детали ингредиента']\")"}], "start": 1729771460202, "stop": 1729771460202}], "parameters": [{"name": "locator", "value": "('xpath', \"//h2[text()='Детали ингредиента']\")"}, {"name": "timeout", "value": "30"}], "start": 1729771460202, "stop": 1729771460203}], "start": 1729771460202, "stop": 1729771460204}], "start": 1729771459187, "stop": 1729771460204, "uuid": "7af8af8f-e64b-46ff-abc6-c9cffb95a6ca", "historyId": "8a40fdddb81255b65cf83450a45902c0", "testCaseId": "8a40fdddb81255b65cf83450a45902c0", "fullName": "tests.test_constructor.TestConstructor#test_open_ingredient_modal", "labels": [{"name": "parentSuite", "value": "tests"}, {"name": "suite", "value": "test_constructor"}, {"name": "subSuite", "value": "TestConstructor"}, {"name": "host", "value": "MacBook-Air-Artem.local"}, {"name": "thread", "value": "67023-MainThread"}, {"name": "framework", "value": "pytest"}, {"name": "language", "value": "cpython3"}, {"name": "package", "value": "tests.test_constructor"}]}