{"name": "Открытие модального окна ингредиента", "status": "failed", "statusDetails": {"message": "AssertionError: Модальное окно не открылось\nassert False\n +  where False = <bound method IngredientDetailsPage.is_modal_open of <page.ingridient_details_page.IngredientDetailsPage object at 0x1045fbb20>>()\n +    where <bound method IngredientDetailsPage.is_modal_open of <page.ingridient_details_page.IngredientDetailsPage object at 0x1045fbb20>> = <page.ingridient_details_page.IngredientDetailsPage object at 0x1045fbb20>.is_modal_open", "trace": "self = <test_constructor.TestConstructor object at 0x1045fbd30>\nopen_browser = <selenium.webdriver.chrome.webdriver.WebDriver (session=\"79794275b83856c6711869b4d57d326c\")>\n\n    @allure.title('Открытие модального окна ингредиента')\n    def test_open_ingredient_modal(self, open_browser):\n        home_page = HomePage(open_browser)\n        ingredient_details = IngredientDetailsPage(open_browser)\n        home_page.open_home_page()\n        time.sleep(10)\n        home_page.click_fluorescent_bun()\n        time.sleep(10)\n>       assert ingredient_details.is_modal_open(), \"Модальное окно не открылось\"\nE       AssertionError: Модальное окно не открылось\nE       assert False\nE        +  where False = <bound method IngredientDetailsPage.is_modal_open of <page.ingridient_details_page.IngredientDetailsPage object at 0x1045fbb20>>()\nE        +    where <bound method IngredientDetailsPage.is_modal_open of <page.ingridient_details_page.IngredientDetailsPage object at 0x1045fbb20>> = <page.ingridient_details_page.IngredientDetailsPage object at 0x1045fbb20>.is_modal_open\n\ntests/test_constructor.py:17: AssertionError"}, "steps": [{"name": "Открытие главной страницы сайта", "status": "passed", "steps": [{"name": "Переход по URL: 'https://stellarburgers.nomoreparties.site/'", "status": "passed", "steps": [{"name": "Ожидание видимости элемента: ('xpath', \"//section[2]/div/button[text()='Войти в аккаунт']\")", "status": "passed", "parameters": [{"name": "locator", "value": "('xpath', \"//section[2]/div/button[text()='Войти в аккаунт']\")"}], "start": 1729772123147, "stop": 1729772123162}], "parameters": [{"name": "url", "value": "'https://stellarburgers.nomoreparties.site/'"}, {"name": "expected_element", "value": "('xpath', \"//section[2]/div/button[text()='Войти в аккаунт']\")"}], "start": 1729772122691, "stop": 1729772123163}], "start": 1729772122691, "stop": 1729772123163}, {"name": "Клик по флуоресцентной булочке", "status": "passed", "steps": [{"name": "Ожидание видимости элемента: ('css selector', \"img[alt='Флюоресцентная булка R2-D3']\")", "status": "passed", "parameters": [{"name": "locator", "value": "('css selector', \"img[alt='Флюоресцентная булка R2-D3']\")"}], "start": 1729772133168, "stop": 1729772133188}, {"name": "Клик по элементу: ('css selector', \"img[alt='Флюоресцентная булка R2-D3']\")", "status": "passed", "steps": [{"name": "Ожидание видимости элемента: ('css selector', \"img[alt='Флюоресцентная булка R2-D3']\")", "status": "passed", "parameters": [{"name": "locator", "value": "('css selector', \"img[alt='Флюоресцентная булка R2-D3']\")"}], "start": 1729772133188, "stop": 1729772133197}], "parameters": [{"name": "locator", "value": "('css selector', \"img[alt='Флюоресцентная булка R2-D3']\")"}, {"name": "expected_element", "value": "None"}], "start": 1729772133188, "stop": 1729772133226}], "start": 1729772133168, "stop": 1729772133226}, {"name": "Проверка, что модальное окно ингредиента открыто", "status": "passed", "steps": [{"name": "Проверка, что элемент виден: ('xpath', \"//h2[text()='Детали ингредиента']\")", "status": "passed", "steps": [{"name": "Ожидание видимости элемента: ('xpath', \"//h2[text()='Детали ингредиента']\")", "status": "broken", "statusDetails": {"message": "TypeError: wait_for_element() takes 2 positional arguments but 3 were given\n", "trace": "  File \"/Users/artemkrivoshein/Diplom/Diplom_3/venv/lib/python3.9/site-packages/allure_commons/_allure.py\", line 192, in impl\n    return func(*a, **kw)\n"}, "parameters": [{"name": "locator", "value": "('xpath', \"//h2[text()='Детали ингредиента']\")"}], "start": 1729772143232, "stop": 1729772143232}], "parameters": [{"name": "locator", "value": "('xpath', \"//h2[text()='Детали ингредиента']\")"}, {"name": "timeout", "value": "30"}], "start": 1729772143232, "stop": 1729772143237}], "start": 1729772143232, "stop": 1729772143237}], "start": 1729772122691, "stop": 1729772143238, "uuid": "9ee009e7-7091-49ca-a584-b61326cb7dd0", "historyId": "8a40fdddb81255b65cf83450a45902c0", "testCaseId": "8a40fdddb81255b65cf83450a45902c0", "fullName": "tests.test_constructor.TestConstructor#test_open_ingredient_modal", "labels": [{"name": "parentSuite", "value": "tests"}, {"name": "suite", "value": "test_constructor"}, {"name": "subSuite", "value": "TestConstructor"}, {"name": "host", "value": "MacBook-Air-Artem.local"}, {"name": "thread", "value": "67563-MainThread"}, {"name": "framework", "value": "pytest"}, {"name": "language", "value": "cpython3"}, {"name": "package", "value": "tests.test_constructor"}]}