{"name": "test_redirect_to_personal_area_authorized_user", "status": "failed", "statusDetails": {"message": "AssertionError: Пользователь не перешел в личный кабинет\nassert False\n +  where False = <bound method PersonalAccount.is_at_personal_area of <page.personal_account_page.PersonalAccount object at 0x1029b43a0>>()\n +    where <bound method PersonalAccount.is_at_personal_area of <page.personal_account_page.PersonalAccount object at 0x1029b43a0>> = <page.personal_account_page.PersonalAccount object at 0x1029b43a0>.is_at_personal_area", "trace": "self = <test_personal_account.TestPersonalArea object at 0x102822160>\nopen_browser = <selenium.webdriver.chrome.webdriver.WebDriver (session=\"c559d4c915533745fd7275aa3968d62c\")>\n\n    def test_redirect_to_personal_area_authorized_user(self, open_browser):\n        header = HeaderPage(open_browser)\n        personal_account = PersonalAccount(open_browser)\n        header.go_to_personal_account()\n>       assert personal_account.is_at_personal_area(), \"Пользователь не перешел в личный кабинет\"\nE       AssertionError: Пользователь не перешел в личный кабинет\nE       assert False\nE        +  where False = <bound method PersonalAccount.is_at_personal_area of <page.personal_account_page.PersonalAccount object at 0x1029b43a0>>()\nE        +    where <bound method PersonalAccount.is_at_personal_area of <page.personal_account_page.PersonalAccount object at 0x1029b43a0>> = <page.personal_account_page.PersonalAccount object at 0x1029b43a0>.is_at_personal_area\n\ntests/test_personal_account.py:14: AssertionError"}, "steps": [{"name": "Клик по элементу: ('xpath', \"//div[contains(@class,'AppHeader_header__logo')]/a\")", "status": "passed", "steps": [{"name": "Ожидание видимости элемента: ('xpath', \"//div[contains(@class,'AppHeader_header__logo')]/a\")", "status": "passed", "parameters": [{"name": "locator", "value": "('xpath', \"//div[contains(@class,'AppHeader_header__logo')]/a\")"}], "start": 1729702173892, "stop": 1729702173904}], "parameters": [{"name": "locator", "value": "('xpath', \"//div[contains(@class,'AppHeader_header__logo')]/a\")"}, {"name": "expected_element", "value": "None"}], "start": 1729702173891, "stop": 1729702173925}, {"name": "Проверка, что элемент виден: None", "status": "passed", "steps": [{"name": "Ожидание видимости элемента: None", "status": "broken", "statusDetails": {"message": "TypeError: wait_for_element() takes 2 positional arguments but 3 were given\n", "trace": "  File \"/Users/artemkrivoshein/Diplom/Diplom_3/venv/lib/python3.9/site-packages/allure_commons/_allure.py\", line 192, in impl\n    return func(*a, **kw)\n"}, "parameters": [{"name": "locator", "value": "None"}], "start": 1729702173926, "stop": 1729702173926}], "parameters": [{"name": "locator", "value": "None"}, {"name": "timeout", "value": "10"}], "start": 1729702173926, "stop": 1729702173927}], "start": 1729702173891, "stop": 1729702173927, "uuid": "0fe8f0a4-e718-41a8-8a90-cee90a99a2bf", "historyId": "bc3c920534670be67f74764bf28cc3f3", "testCaseId": "bc3c920534670be67f74764bf28cc3f3", "fullName": "tests.test_personal_account.TestPersonalArea#test_redirect_to_personal_area_authorized_user", "labels": [{"name": "parentSuite", "value": "tests"}, {"name": "suite", "value": "test_personal_account"}, {"name": "subSuite", "value": "TestPersonalArea"}, {"name": "host", "value": "MacBook-Air-Artem.local"}, {"name": "thread", "value": "61082-MainThread"}, {"name": "framework", "value": "pytest"}, {"name": "language", "value": "cpython3"}, {"name": "package", "value": "tests.test_personal_account"}]}