{"name": "Открытие модального окна ингредиента", "status": "failed", "statusDetails": {"message": "AssertionError: Модальное окно не открылось\nassert False\n +  where False = <bound method IngredientDetailsPage.is_modal_open of <page.ingridient_details_page.IngredientDetailsPage object at 0x1068aef70>>()\n +    where <bound method IngredientDetailsPage.is_modal_open of <page.ingridient_details_page.IngredientDetailsPage object at 0x1068aef70>> = <page.ingridient_details_page.IngredientDetailsPage object at 0x1068aef70>.is_modal_open", "trace": "self = <test_constructor.TestConstructor object at 0x1068ae1c0>\nopen_browser = <selenium.webdriver.chrome.webdriver.WebDriver (session=\"9ec9fac9e35d8641f5fd6a684e2aa1bb\")>\n\n    @allure.title('Открытие модального окна ингредиента')\n    def test_open_ingredient_modal(self, open_browser):\n        home_page = HomePage(open_browser)\n        ingredient_details = IngredientDetailsPage(open_browser)\n        home_page.open_home_page()\n        time.sleep(10)\n        home_page.click_fluorescent_bun()\n>       assert ingredient_details.is_modal_open(), \"Модальное окно не открылось\"\nE       AssertionError: Модальное окно не открылось\nE       assert False\nE        +  where False = <bound method IngredientDetailsPage.is_modal_open of <page.ingridient_details_page.IngredientDetailsPage object at 0x1068aef70>>()\nE        +    where <bound method IngredientDetailsPage.is_modal_open of <page.ingridient_details_page.IngredientDetailsPage object at 0x1068aef70>> = <page.ingridient_details_page.IngredientDetailsPage object at 0x1068aef70>.is_modal_open\n\ntests/test_constructor.py:16: AssertionError"}, "steps": [{"name": "Открытие главной страницы сайта", "status": "passed", "steps": [{"name": "Переход по URL: 'https://stellarburgers.nomoreparties.site/'", "status": "passed", "steps": [{"name": "Ожидание видимости элемента: ('xpath', \"//section[2]/div/button[text()='Войти в аккаунт']\")", "status": "passed", "parameters": [{"name": "locator", "value": "('xpath', \"//section[2]/div/button[text()='Войти в аккаунт']\")"}], "start": 1729772625962, "stop": 1729772625976}], "parameters": [{"name": "url", "value": "'https://stellarburgers.nomoreparties.site/'"}, {"name": "expected_element", "value": "('xpath', \"//section[2]/div/button[text()='Войти в аккаунт']\")"}], "start": 1729772625686, "stop": 1729772625976}], "start": 1729772625686, "stop": 1729772625976}, {"name": "Клик по флуоресцентной булочке", "status": "passed", "steps": [{"name": "Ожидание видимости элемента: ('css selector', \"img[alt='Флюоресцентная булка R2-D3']\")", "status": "passed", "parameters": [{"name": "locator", "value": "('css selector', \"img[alt='Флюоресцентная булка R2-D3']\")"}], "start": 1729772635982, "stop": 1729772636004}, {"name": "Клик по элементу: ('css selector', \"img[alt='Флюоресцентная булка R2-D3']\")", "status": "passed", "steps": [{"name": "Ожидание видимости элемента: ('css selector', \"img[alt='Флюоресцентная булка R2-D3']\")", "status": "passed", "parameters": [{"name": "locator", "value": "('css selector', \"img[alt='Флюоресцентная булка R2-D3']\")"}], "start": 1729772636004, "stop": 1729772636014}], "parameters": [{"name": "locator", "value": "('css selector', \"img[alt='Флюоресцентная булка R2-D3']\")"}, {"name": "expected_element", "value": "None"}], "start": 1729772636004, "stop": 1729772636068}], "start": 1729772635981, "stop": 1729772636068}, {"name": "Проверка, что модальное окно ингредиента открыто", "status": "passed", "steps": [{"name": "Ожидание видимости элемента: ('xpath', \"//h2[contains(normalize-space(.), 'Детали ингредиента')]\")", "status": "passed", "parameters": [{"name": "locator", "value": "('xpath', \"//h2[contains(normalize-space(.), 'Детали ингредиента')]\")"}], "start": 1729772636069, "stop": 1729772636081}, {"name": "Проверка, что элемент виден: ('xpath', \"//h2[contains(normalize-space(.), 'Детали ингредиента')]\")", "status": "passed", "steps": [{"name": "Ожидание видимости элемента: ('xpath', \"//h2[contains(normalize-space(.), 'Детали ингредиента')]\")", "status": "broken", "statusDetails": {"message": "TypeError: wait_for_element() takes 2 positional arguments but 3 were given\n", "trace": "  File \"/Users/artemkrivoshein/Diplom/Diplom_3/venv/lib/python3.9/site-packages/allure_commons/_allure.py\", line 192, in impl\n    return func(*a, **kw)\n"}, "parameters": [{"name": "locator", "value": "('xpath', \"//h2[contains(normalize-space(.), 'Детали ингредиента')]\")"}], "start": 1729772636081, "stop": 1729772636081}], "parameters": [{"name": "locator", "value": "('xpath', \"//h2[contains(normalize-space(.), 'Детали ингредиента')]\")"}, {"name": "timeout", "value": "30"}], "start": 1729772636081, "stop": 1729772636082}], "start": 1729772636068, "stop": 1729772636082}], "start": 1729772625685, "stop": 1729772636083, "uuid": "b7841432-301f-4d58-9914-72475b444982", "historyId": "8a40fdddb81255b65cf83450a45902c0", "testCaseId": "8a40fdddb81255b65cf83450a45902c0", "fullName": "tests.test_constructor.TestConstructor#test_open_ingredient_modal", "labels": [{"name": "parentSuite", "value": "tests"}, {"name": "suite", "value": "test_constructor"}, {"name": "subSuite", "value": "TestConstructor"}, {"name": "host", "value": "MacBook-Air-Artem.local"}, {"name": "thread", "value": "67741-MainThread"}, {"name": "framework", "value": "pytest"}, {"name": "language", "value": "cpython3"}, {"name": "package", "value": "tests.test_constructor"}]}