{"name": "test_change_user_profile_info", "status": "broken", "statusDetails": {"message": "selenium.common.exceptions.TimeoutException: Message: \nStacktrace:\n0   chromedriver                        0x00000001055d3634 cxxbridge1$str$ptr + 3645404\n1   chromedriver                        0x00000001055cbe94 cxxbridge1$str$ptr + 3614780\n2   chromedriver                        0x0000000105038104 cxxbridge1$string$len + 88416\n3   chromedriver                        0x000000010507a364 cxxbridge1$string$len + 359360\n4   chromedriver                        0x00000001050b3bd0 cxxbridge1$string$len + 594988\n5   chromedriver                        0x000000010506ef54 cxxbridge1$string$len + 313264\n6   chromedriver                        0x000000010506fba4 cxxbridge1$string$len + 316416\n7   chromedriver                        0x000000010559e1d4 cxxbridge1$str$ptr + 3427196\n8   chromedriver                        0x00000001055a1518 cxxbridge1$str$ptr + 3440320\n9   chromedriver                        0x00000001055855f8 cxxbridge1$str$ptr + 3325856\n10  chromedriver                        0x00000001055a1ddc cxxbridge1$str$ptr + 3442564\n11  chromedriver                        0x000000010557687c cxxbridge1$str$ptr + 3265060\n12  chromedriver                        0x00000001055bc884 cxxbridge1$str$ptr + 3551788\n13  chromedriver                        0x00000001055bca00 cxxbridge1$str$ptr + 3552168\n14  chromedriver                        0x00000001055cbb2c cxxbridge1$str$ptr + 3613908\n15  libsystem_pthread.dylib             0x0000000192c132e4 _pthread_start + 136\n16  libsystem_pthread.dylib             0x0000000192c0e0fc thread_start + 8", "trace": "self = <test_personal_account.TestPersonalArea object at 0x1028227c0>\nopen_browser = <selenium.webdriver.chrome.webdriver.WebDriver (session=\"7da3cdfedbb37510ee832d5657ebbdb2\")>\n\n    def test_change_user_profile_info(self, open_browser):\n        profile_page = ProfilePage(open_browser)\n>       profile_page.open_user_orders()\n\ntests/test_personal_account.py:34: \n_ _ _ _ _ _ _ _ _ _ _ _ _ _ _ _ _ _ _ _ _ _ _ _ _ _ _ _ _ _ _ _ _ _ _ _ _ _ _ _ _ _ _ _ _ _ _ _ _ _ _ _ _ _ _ _ _ _ _ _ _ _ _ _ _ _ _ _ _ _ _ _ _ _ _ \npage/profile_account_page.py:12: in open_user_orders\n    self.navigate(URL.USER_PROFILE.value, self.locators.USER_ORDERS)\npage/base_page.py:18: in navigate\n    self.wait_for_element(expected_element)\npage/base_page.py:12: in wait_for_element\n    return WebDriverWait(self.driver, 30).until(expected_conditions.visibility_of_element_located(locator))\n_ _ _ _ _ _ _ _ _ _ _ _ _ _ _ _ _ _ _ _ _ _ _ _ _ _ _ _ _ _ _ _ _ _ _ _ _ _ _ _ _ _ _ _ _ _ _ _ _ _ _ _ _ _ _ _ _ _ _ _ _ _ _ _ _ _ _ _ _ _ _ _ _ _ _ \n\nself = <selenium.webdriver.support.wait.WebDriverWait (session=\"7da3cdfedbb37510ee832d5657ebbdb2\")>\nmethod = <function visibility_of_element_located.<locals>._predicate at 0x1029dad30>, message = ''\n\n    def until(self, method: Callable[[D], Union[Literal[False], T]], message: str = \"\") -> T:\n        \"\"\"Calls the method provided with the driver as an argument until the \\\n        return value does not evaluate to ``False``.\n    \n        :param method: callable(WebDriver)\n        :param message: optional message for :exc:`TimeoutException`\n        :returns: the result of the last call to `method`\n        :raises: :exc:`selenium.common.exceptions.TimeoutException` if timeout occurs\n        \"\"\"\n        screen = None\n        stacktrace = None\n    \n        end_time = time.monotonic() + self._timeout\n        while True:\n            try:\n                value = method(self._driver)\n                if value:\n                    return value\n            except self._ignored_exceptions as exc:\n                screen = getattr(exc, \"screen\", None)\n                stacktrace = getattr(exc, \"stacktrace\", None)\n            time.sleep(self._poll)\n            if time.monotonic() > end_time:\n                break\n>       raise TimeoutException(message, screen, stacktrace)\nE       selenium.common.exceptions.TimeoutException: Message: \nE       Stacktrace:\nE       0   chromedriver                        0x00000001055d3634 cxxbridge1$str$ptr + 3645404\nE       1   chromedriver                        0x00000001055cbe94 cxxbridge1$str$ptr + 3614780\nE       2   chromedriver                        0x0000000105038104 cxxbridge1$string$len + 88416\nE       3   chromedriver                        0x000000010507a364 cxxbridge1$string$len + 359360\nE       4   chromedriver                        0x00000001050b3bd0 cxxbridge1$string$len + 594988\nE       5   chromedriver                        0x000000010506ef54 cxxbridge1$string$len + 313264\nE       6   chromedriver                        0x000000010506fba4 cxxbridge1$string$len + 316416\nE       7   chromedriver                        0x000000010559e1d4 cxxbridge1$str$ptr + 3427196\nE       8   chromedriver                        0x00000001055a1518 cxxbridge1$str$ptr + 3440320\nE       9   chromedriver                        0x00000001055855f8 cxxbridge1$str$ptr + 3325856\nE       10  chromedriver                        0x00000001055a1ddc cxxbridge1$str$ptr + 3442564\nE       11  chromedriver                        0x000000010557687c cxxbridge1$str$ptr + 3265060\nE       12  chromedriver                        0x00000001055bc884 cxxbridge1$str$ptr + 3551788\nE       13  chromedriver                        0x00000001055bca00 cxxbridge1$str$ptr + 3552168\nE       14  chromedriver                        0x00000001055cbb2c cxxbridge1$str$ptr + 3613908\nE       15  libsystem_pthread.dylib             0x0000000192c132e4 _pthread_start + 136\nE       16  libsystem_pthread.dylib             0x0000000192c0e0fc thread_start + 8\n\nvenv/lib/python3.9/site-packages/selenium/webdriver/support/wait.py:105: TimeoutException"}, "steps": [{"name": "Переход по URL: 'https://stellarburgers.nomoreparties.site/account/profile'", "status": "broken", "statusDetails": {"message": "selenium.common.exceptions.TimeoutException: Message: \nStacktrace:\n0   chromedriver                        0x00000001055d3634 cxxbridge1$str$ptr + 3645404\n1   chromedriver                        0x00000001055cbe94 cxxbridge1$str$ptr + 3614780\n2   chromedriver                        0x0000000105038104 cxxbridge1$string$len + 88416\n3   chromedriver                        0x000000010507a364 cxxbridge1$string$len + 359360\n4   chromedriver                        0x00000001050b3bd0 cxxbridge1$string$len + 594988\n5   chromedriver                        0x000000010506ef54 cxxbridge1$string$len + 313264\n6   chromedriver                        0x000000010506fba4 cxxbridge1$string$len + 316416\n7   chromedriver                        0x000000010559e1d4 cxxbridge1$str$ptr + 3427196\n8   chromedriver                        0x00000001055a1518 cxxbridge1$str$ptr + 3440320\n9   chromedriver                        0x00000001055855f8 cxxbridge1$str$ptr + 3325856\n10  chromedriver                        0x00000001055a1ddc cxxbridge1$str$ptr + 3442564\n11  chromedriver                        0x000000010557687c cxxbridge1$str$ptr + 3265060\n12  chromedriver                        0x00000001055bc884 cxxbridge1$str$ptr + 3551788\n13  chromedriver                        0x00000001055bca00 cxxbridge1$str$ptr + 3552168\n14  chromedriver                        0x00000001055cbb2c cxxbridge1$str$ptr + 3613908\n15  libsystem_pthread.dylib             0x0000000192c132e4 _pthread_start + 136\n16  libsystem_pthread.dylib             0x0000000192c0e0fc thread_start + 8\n\n", "trace": "  File \"/Users/artemkrivoshein/Diplom/Diplom_3/venv/lib/python3.9/site-packages/allure_commons/_allure.py\", line 192, in impl\n    return func(*a, **kw)\n  File \"/Users/artemkrivoshein/Diplom/Diplom_3/page/base_page.py\", line 18, in navigate\n    self.wait_for_element(expected_element)\n  File \"/Users/artemkrivoshein/Diplom/Diplom_3/venv/lib/python3.9/site-packages/allure_commons/_allure.py\", line 192, in impl\n    return func(*a, **kw)\n  File \"/Users/artemkrivoshein/Diplom/Diplom_3/page/base_page.py\", line 12, in wait_for_element\n    return WebDriverWait(self.driver, 30).until(expected_conditions.visibility_of_element_located(locator))\n  File \"/Users/artemkrivoshein/Diplom/Diplom_3/venv/lib/python3.9/site-packages/selenium/webdriver/support/wait.py\", line 105, in until\n    raise TimeoutException(message, screen, stacktrace)\n"}, "steps": [{"name": "Ожидание видимости элемента: ('xpath', \"//div[contains(@class, 'profile__order')]\")", "status": "broken", "statusDetails": {"message": "selenium.common.exceptions.TimeoutException: Message: \nStacktrace:\n0   chromedriver                        0x00000001055d3634 cxxbridge1$str$ptr + 3645404\n1   chromedriver                        0x00000001055cbe94 cxxbridge1$str$ptr + 3614780\n2   chromedriver                        0x0000000105038104 cxxbridge1$string$len + 88416\n3   chromedriver                        0x000000010507a364 cxxbridge1$string$len + 359360\n4   chromedriver                        0x00000001050b3bd0 cxxbridge1$string$len + 594988\n5   chromedriver                        0x000000010506ef54 cxxbridge1$string$len + 313264\n6   chromedriver                        0x000000010506fba4 cxxbridge1$string$len + 316416\n7   chromedriver                        0x000000010559e1d4 cxxbridge1$str$ptr + 3427196\n8   chromedriver                        0x00000001055a1518 cxxbridge1$str$ptr + 3440320\n9   chromedriver                        0x00000001055855f8 cxxbridge1$str$ptr + 3325856\n10  chromedriver                        0x00000001055a1ddc cxxbridge1$str$ptr + 3442564\n11  chromedriver                        0x000000010557687c cxxbridge1$str$ptr + 3265060\n12  chromedriver                        0x00000001055bc884 cxxbridge1$str$ptr + 3551788\n13  chromedriver                        0x00000001055bca00 cxxbridge1$str$ptr + 3552168\n14  chromedriver                        0x00000001055cbb2c cxxbridge1$str$ptr + 3613908\n15  libsystem_pthread.dylib             0x0000000192c132e4 _pthread_start + 136\n16  libsystem_pthread.dylib             0x0000000192c0e0fc thread_start + 8\n\n", "trace": "  File \"/Users/artemkrivoshein/Diplom/Diplom_3/venv/lib/python3.9/site-packages/allure_commons/_allure.py\", line 192, in impl\n    return func(*a, **kw)\n  File \"/Users/artemkrivoshein/Diplom/Diplom_3/page/base_page.py\", line 12, in wait_for_element\n    return WebDriverWait(self.driver, 30).until(expected_conditions.visibility_of_element_located(locator))\n  File \"/Users/artemkrivoshein/Diplom/Diplom_3/venv/lib/python3.9/site-packages/selenium/webdriver/support/wait.py\", line 105, in until\n    raise TimeoutException(message, screen, stacktrace)\n"}, "parameters": [{"name": "locator", "value": "('xpath', \"//div[contains(@class, 'profile__order')]\")"}], "start": 1729702222379, "stop": 1729702252725}], "parameters": [{"name": "url", "value": "'https://stellarburgers.nomoreparties.site/account/profile'"}, {"name": "expected_element", "value": "('xpath', \"//div[contains(@class, 'profile__order')]\")"}], "start": 1729702221523, "stop": 1729702252726}], "start": 1729702221523, "stop": 1729702252727, "uuid": "5a63a168-f8e8-47da-a0b9-b251a4e38203", "historyId": "8feafa48ac650d4e4e239f15cb156943", "testCaseId": "8feafa48ac650d4e4e239f15cb156943", "fullName": "tests.test_personal_account.TestPersonalArea#test_change_user_profile_info", "labels": [{"name": "parentSuite", "value": "tests"}, {"name": "suite", "value": "test_personal_account"}, {"name": "subSuite", "value": "TestPersonalArea"}, {"name": "host", "value": "MacBook-Air-Artem.local"}, {"name": "thread", "value": "61082-MainThread"}, {"name": "framework", "value": "pytest"}, {"name": "language", "value": "cpython3"}, {"name": "package", "value": "tests.test_personal_account"}]}