{"name": "Открытие модального окна ингредиента", "status": "failed", "statusDetails": {"message": "AssertionError: Модальное окно не открылось\nassert False\n +  where False = <bound method IngredientDetailsPage.is_modal_open of <page.ingridient_details_page.IngredientDetailsPage object at 0x1067cf490>>()\n +    where <bound method IngredientDetailsPage.is_modal_open of <page.ingridient_details_page.IngredientDetailsPage object at 0x1067cf490>> = <page.ingridient_details_page.IngredientDetailsPage object at 0x1067cf490>.is_modal_open", "trace": "self = <test_constructor.TestConstructor object at 0x1067cf6d0>\nopen_browser = <selenium.webdriver.chrome.webdriver.WebDriver (session=\"6578c2d7b5fab64ca0e7928563abb2fa\")>\n\n    @allure.title('Открытие модального окна ингредиента')\n    def test_open_ingredient_modal(self, open_browser):\n        home_page = HomePage(open_browser)\n        ingredient_details = IngredientDetailsPage(open_browser)\n        home_page.open_home_page()\n        time.sleep(10)\n        home_page.click_fluorescent_bun()\n        time.sleep(10)\n>       assert ingredient_details.is_modal_open(), \"Модальное окно не открылось\"\nE       AssertionError: Модальное окно не открылось\nE       assert False\nE        +  where False = <bound method IngredientDetailsPage.is_modal_open of <page.ingridient_details_page.IngredientDetailsPage object at 0x1067cf490>>()\nE        +    where <bound method IngredientDetailsPage.is_modal_open of <page.ingridient_details_page.IngredientDetailsPage object at 0x1067cf490>> = <page.ingridient_details_page.IngredientDetailsPage object at 0x1067cf490>.is_modal_open\n\ntests/test_constructor.py:17: AssertionError"}, "steps": [{"name": "Открытие главной страницы сайта", "status": "passed", "steps": [{"name": "Переход по URL: 'https://stellarburgers.nomoreparties.site/'", "status": "passed", "steps": [{"name": "Ожидание видимости элемента: ('xpath', \"//section[2]/div/button[text()='Войти в аккаунт']\")", "status": "passed", "parameters": [{"name": "locator", "value": "('xpath', \"//section[2]/div/button[text()='Войти в аккаунт']\")"}], "start": 1729772792405, "stop": 1729772792419}], "parameters": [{"name": "url", "value": "'https://stellarburgers.nomoreparties.site/'"}, {"name": "expected_element", "value": "('xpath', \"//section[2]/div/button[text()='Войти в аккаунт']\")"}], "start": 1729772792065, "stop": 1729772792419}], "start": 1729772792064, "stop": 1729772792419}, {"name": "Клик по флуоресцентной булочке", "status": "passed", "steps": [{"name": "Ожидание видимости элемента: ('css selector', \"img[alt='Флюоресцентная булка R2-D3']\")", "status": "passed", "parameters": [{"name": "locator", "value": "('css selector', \"img[alt='Флюоресцентная булка R2-D3']\")"}], "start": 1729772802421, "stop": 1729772802435}, {"name": "Клик по элементу: ('css selector', \"img[alt='Флюоресцентная булка R2-D3']\")", "status": "passed", "steps": [{"name": "Ожидание видимости элемента: ('css selector', \"img[alt='Флюоресцентная булка R2-D3']\")", "status": "passed", "parameters": [{"name": "locator", "value": "('css selector', \"img[alt='Флюоресцентная булка R2-D3']\")"}], "start": 1729772802435, "stop": 1729772802443}], "parameters": [{"name": "locator", "value": "('css selector', \"img[alt='Флюоресцентная булка R2-D3']\")"}, {"name": "expected_element", "value": "None"}], "start": 1729772802435, "stop": 1729772802473}], "start": 1729772802421, "stop": 1729772802473}, {"name": "Проверка, что модальное окно ингредиента открыто", "status": "passed", "steps": [{"name": "Ожидание видимости элемента: ('xpath', \"//h2[contains(normalize-space(.), 'Детали ингредиента')]\")", "status": "broken", "statusDetails": {"message": "TypeError: wait_for_element() got an unexpected keyword argument 'timeout'\n", "trace": "  File \"/Users/artemkrivoshein/Diplom/Diplom_3/venv/lib/python3.9/site-packages/allure_commons/_allure.py\", line 192, in impl\n    return func(*a, **kw)\n"}, "parameters": [{"name": "locator", "value": "('xpath', \"//h2[contains(normalize-space(.), 'Детали ингредиента')]\")"}, {"name": "timeout", "value": "20"}], "start": 1729772812478, "stop": 1729772812478}], "start": 1729772812478, "stop": 1729772812482}], "attachments": [{"name": "stdout", "source": "8f93309d-ff1e-4aa5-9910-283d86088a21-attachment.txt", "type": "text/plain"}], "start": 1729772792064, "stop": 1729772812483, "uuid": "2df1cf33-8f02-462a-b896-95654704daaf", "historyId": "8a40fdddb81255b65cf83450a45902c0", "testCaseId": "8a40fdddb81255b65cf83450a45902c0", "fullName": "tests.test_constructor.TestConstructor#test_open_ingredient_modal", "labels": [{"name": "parentSuite", "value": "tests"}, {"name": "suite", "value": "test_constructor"}, {"name": "subSuite", "value": "TestConstructor"}, {"name": "host", "value": "MacBook-Air-Artem.local"}, {"name": "thread", "value": "67881-MainThread"}, {"name": "framework", "value": "pytest"}, {"name": "language", "value": "cpython3"}, {"name": "package", "value": "tests.test_constructor"}]}