{"name": "test_logout_from_personal_area_authorized_user", "status": "broken", "statusDetails": {"message": "selenium.common.exceptions.TimeoutException: Message: \nStacktrace:\n0   chromedriver                        0x0000000100c0b634 cxxbridge1$str$ptr + 3645404\n1   chromedriver                        0x0000000100c03e94 cxxbridge1$str$ptr + 3614780\n2   chromedriver                        0x0000000100670104 cxxbridge1$string$len + 88416\n3   chromedriver                        0x00000001006b2364 cxxbridge1$string$len + 359360\n4   chromedriver                        0x00000001006ebbd0 cxxbridge1$string$len + 594988\n5   chromedriver                        0x00000001006a6f54 cxxbridge1$string$len + 313264\n6   chromedriver                        0x00000001006a7ba4 cxxbridge1$string$len + 316416\n7   chromedriver                        0x0000000100bd61d4 cxxbridge1$str$ptr + 3427196\n8   chromedriver                        0x0000000100bd9518 cxxbridge1$str$ptr + 3440320\n9   chromedriver                        0x0000000100bbd5f8 cxxbridge1$str$ptr + 3325856\n10  chromedriver                        0x0000000100bd9ddc cxxbridge1$str$ptr + 3442564\n11  chromedriver                        0x0000000100bae87c cxxbridge1$str$ptr + 3265060\n12  chromedriver                        0x0000000100bf4884 cxxbridge1$str$ptr + 3551788\n13  chromedriver                        0x0000000100bf4a00 cxxbridge1$str$ptr + 3552168\n14  chromedriver                        0x0000000100c03b2c cxxbridge1$str$ptr + 3613908\n15  libsystem_pthread.dylib             0x0000000192c132e4 _pthread_start + 136\n16  libsystem_pthread.dylib             0x0000000192c0e0fc thread_start + 8", "trace": "self = <test_personal_account.TestPersonalAccount object at 0x1063f17f0>\nopen_browser = <selenium.webdriver.chrome.webdriver.WebDriver (session=\"dc4ab7494fb963765b4062d01b72de4f\")>\n\n    def test_logout_from_personal_area_authorized_user(self, open_browser):\n        header = HeaderPage(open_browser)\n        personal_account = PersonalAccount(open_browser)\n        header.go_to_personal_account()\n>       personal_account.click_button_exit()\n\ntests/test_personal_account.py:33: \n_ _ _ _ _ _ _ _ _ _ _ _ _ _ _ _ _ _ _ _ _ _ _ _ _ _ _ _ _ _ _ _ _ _ _ _ _ _ _ _ _ _ _ _ _ _ _ _ _ _ _ _ _ _ _ _ _ _ _ _ _ _ _ _ _ _ _ _ _ _ _ _ _ _ _ \npage/personal_account_page.py:13: in click_button_exit\n    self.action_click(self.locators.BUTTON_EXIT, LoginLocators.TITLE_FORM)\npage/base_page.py:36: in action_click\n    element = self.wait_for_element(locator)\npage/base_page.py:16: in wait_for_element\n    return WebDriverWait(self.driver, 30).until(expected_conditions.visibility_of_element_located(locator))\n_ _ _ _ _ _ _ _ _ _ _ _ _ _ _ _ _ _ _ _ _ _ _ _ _ _ _ _ _ _ _ _ _ _ _ _ _ _ _ _ _ _ _ _ _ _ _ _ _ _ _ _ _ _ _ _ _ _ _ _ _ _ _ _ _ _ _ _ _ _ _ _ _ _ _ \n\nself = <selenium.webdriver.support.wait.WebDriverWait (session=\"dc4ab7494fb963765b4062d01b72de4f\")>\nmethod = <function visibility_of_element_located.<locals>._predicate at 0x1066165e0>, message = ''\n\n    def until(self, method: Callable[[D], Union[Literal[False], T]], message: str = \"\") -> T:\n        \"\"\"Calls the method provided with the driver as an argument until the \\\n        return value does not evaluate to ``False``.\n    \n        :param method: callable(WebDriver)\n        :param message: optional message for :exc:`TimeoutException`\n        :returns: the result of the last call to `method`\n        :raises: :exc:`selenium.common.exceptions.TimeoutException` if timeout occurs\n        \"\"\"\n        screen = None\n        stacktrace = None\n    \n        end_time = time.monotonic() + self._timeout\n        while True:\n            try:\n                value = method(self._driver)\n                if value:\n                    return value\n            except self._ignored_exceptions as exc:\n                screen = getattr(exc, \"screen\", None)\n                stacktrace = getattr(exc, \"stacktrace\", None)\n            time.sleep(self._poll)\n            if time.monotonic() > end_time:\n                break\n>       raise TimeoutException(message, screen, stacktrace)\nE       selenium.common.exceptions.TimeoutException: Message: \nE       Stacktrace:\nE       0   chromedriver                        0x0000000100c0b634 cxxbridge1$str$ptr + 3645404\nE       1   chromedriver                        0x0000000100c03e94 cxxbridge1$str$ptr + 3614780\nE       2   chromedriver                        0x0000000100670104 cxxbridge1$string$len + 88416\nE       3   chromedriver                        0x00000001006b2364 cxxbridge1$string$len + 359360\nE       4   chromedriver                        0x00000001006ebbd0 cxxbridge1$string$len + 594988\nE       5   chromedriver                        0x00000001006a6f54 cxxbridge1$string$len + 313264\nE       6   chromedriver                        0x00000001006a7ba4 cxxbridge1$string$len + 316416\nE       7   chromedriver                        0x0000000100bd61d4 cxxbridge1$str$ptr + 3427196\nE       8   chromedriver                        0x0000000100bd9518 cxxbridge1$str$ptr + 3440320\nE       9   chromedriver                        0x0000000100bbd5f8 cxxbridge1$str$ptr + 3325856\nE       10  chromedriver                        0x0000000100bd9ddc cxxbridge1$str$ptr + 3442564\nE       11  chromedriver                        0x0000000100bae87c cxxbridge1$str$ptr + 3265060\nE       12  chromedriver                        0x0000000100bf4884 cxxbridge1$str$ptr + 3551788\nE       13  chromedriver                        0x0000000100bf4a00 cxxbridge1$str$ptr + 3552168\nE       14  chromedriver                        0x0000000100c03b2c cxxbridge1$str$ptr + 3613908\nE       15  libsystem_pthread.dylib             0x0000000192c132e4 _pthread_start + 136\nE       16  libsystem_pthread.dylib             0x0000000192c0e0fc thread_start + 8\n\nvenv/lib/python3.9/site-packages/selenium/webdriver/support/wait.py:105: TimeoutException"}, "steps": [{"name": "Клик по элементу: ('xpath', \"//div[contains(@class,'AppHeader_header__logo')]/a\")", "status": "passed", "steps": [{"name": "Ожидание видимости элемента: ('xpath', \"//div[contains(@class,'AppHeader_header__logo')]/a\")", "status": "passed", "parameters": [{"name": "locator", "value": "('xpath', \"//div[contains(@class,'AppHeader_header__logo')]/a\")"}], "start": 1729709364297, "stop": 1729709364307}], "parameters": [{"name": "locator", "value": "('xpath', \"//div[contains(@class,'AppHeader_header__logo')]/a\")"}, {"name": "expected_element", "value": "None"}], "start": 1729709364297, "stop": 1729709364445}, {"name": "Клик по элементу: ('xpath', \"//button[contains(@class, 'Account_button__14Yp3')]\")", "status": "broken", "statusDetails": {"message": "selenium.common.exceptions.TimeoutException: Message: \nStacktrace:\n0   chromedriver                        0x0000000100c0b634 cxxbridge1$str$ptr + 3645404\n1   chromedriver                        0x0000000100c03e94 cxxbridge1$str$ptr + 3614780\n2   chromedriver                        0x0000000100670104 cxxbridge1$string$len + 88416\n3   chromedriver                        0x00000001006b2364 cxxbridge1$string$len + 359360\n4   chromedriver                        0x00000001006ebbd0 cxxbridge1$string$len + 594988\n5   chromedriver                        0x00000001006a6f54 cxxbridge1$string$len + 313264\n6   chromedriver                        0x00000001006a7ba4 cxxbridge1$string$len + 316416\n7   chromedriver                        0x0000000100bd61d4 cxxbridge1$str$ptr + 3427196\n8   chromedriver                        0x0000000100bd9518 cxxbridge1$str$ptr + 3440320\n9   chromedriver                        0x0000000100bbd5f8 cxxbridge1$str$ptr + 3325856\n10  chromedriver                        0x0000000100bd9ddc cxxbridge1$str$ptr + 3442564\n11  chromedriver                        0x0000000100bae87c cxxbridge1$str$ptr + 3265060\n12  chromedriver                        0x0000000100bf4884 cxxbridge1$str$ptr + 3551788\n13  chromedriver                        0x0000000100bf4a00 cxxbridge1$str$ptr + 3552168\n14  chromedriver                        0x0000000100c03b2c cxxbridge1$str$ptr + 3613908\n15  libsystem_pthread.dylib             0x0000000192c132e4 _pthread_start + 136\n16  libsystem_pthread.dylib             0x0000000192c0e0fc thread_start + 8\n\n", "trace": "  File \"/Users/artemkrivoshein/Diplom/Diplom_3/venv/lib/python3.9/site-packages/allure_commons/_allure.py\", line 192, in impl\n    return func(*a, **kw)\n  File \"/Users/artemkrivoshein/Diplom/Diplom_3/page/base_page.py\", line 36, in action_click\n    element = self.wait_for_element(locator)\n  File \"/Users/artemkrivoshein/Diplom/Diplom_3/venv/lib/python3.9/site-packages/allure_commons/_allure.py\", line 192, in impl\n    return func(*a, **kw)\n  File \"/Users/artemkrivoshein/Diplom/Diplom_3/page/base_page.py\", line 16, in wait_for_element\n    return WebDriverWait(self.driver, 30).until(expected_conditions.visibility_of_element_located(locator))\n  File \"/Users/artemkrivoshein/Diplom/Diplom_3/venv/lib/python3.9/site-packages/selenium/webdriver/support/wait.py\", line 105, in until\n    raise TimeoutException(message, screen, stacktrace)\n"}, "steps": [{"name": "Ожидание видимости элемента: ('xpath', \"//button[contains(@class, 'Account_button__14Yp3')]\")", "status": "broken", "statusDetails": {"message": "selenium.common.exceptions.TimeoutException: Message: \nStacktrace:\n0   chromedriver                        0x0000000100c0b634 cxxbridge1$str$ptr + 3645404\n1   chromedriver                        0x0000000100c03e94 cxxbridge1$str$ptr + 3614780\n2   chromedriver                        0x0000000100670104 cxxbridge1$string$len + 88416\n3   chromedriver                        0x00000001006b2364 cxxbridge1$string$len + 359360\n4   chromedriver                        0x00000001006ebbd0 cxxbridge1$string$len + 594988\n5   chromedriver                        0x00000001006a6f54 cxxbridge1$string$len + 313264\n6   chromedriver                        0x00000001006a7ba4 cxxbridge1$string$len + 316416\n7   chromedriver                        0x0000000100bd61d4 cxxbridge1$str$ptr + 3427196\n8   chromedriver                        0x0000000100bd9518 cxxbridge1$str$ptr + 3440320\n9   chromedriver                        0x0000000100bbd5f8 cxxbridge1$str$ptr + 3325856\n10  chromedriver                        0x0000000100bd9ddc cxxbridge1$str$ptr + 3442564\n11  chromedriver                        0x0000000100bae87c cxxbridge1$str$ptr + 3265060\n12  chromedriver                        0x0000000100bf4884 cxxbridge1$str$ptr + 3551788\n13  chromedriver                        0x0000000100bf4a00 cxxbridge1$str$ptr + 3552168\n14  chromedriver                        0x0000000100c03b2c cxxbridge1$str$ptr + 3613908\n15  libsystem_pthread.dylib             0x0000000192c132e4 _pthread_start + 136\n16  libsystem_pthread.dylib             0x0000000192c0e0fc thread_start + 8\n\n", "trace": "  File \"/Users/artemkrivoshein/Diplom/Diplom_3/venv/lib/python3.9/site-packages/allure_commons/_allure.py\", line 192, in impl\n    return func(*a, **kw)\n  File \"/Users/artemkrivoshein/Diplom/Diplom_3/page/base_page.py\", line 16, in wait_for_element\n    return WebDriverWait(self.driver, 30).until(expected_conditions.visibility_of_element_located(locator))\n  File \"/Users/artemkrivoshein/Diplom/Diplom_3/venv/lib/python3.9/site-packages/selenium/webdriver/support/wait.py\", line 105, in until\n    raise TimeoutException(message, screen, stacktrace)\n"}, "parameters": [{"name": "locator", "value": "('xpath', \"//button[contains(@class, 'Account_button__14Yp3')]\")"}], "start": 1729709364446, "stop": 1729709394762}], "parameters": [{"name": "locator", "value": "('xpath', \"//button[contains(@class, 'Account_button__14Yp3')]\")"}, {"name": "expected_element", "value": "('xpath', \"//h2[text()='Вход']\")"}], "start": 1729709364446, "stop": 1729709394763}], "start": 1729709364297, "stop": 1729709394763, "uuid": "2426ee89-b39f-4d49-8559-9636eb480c47", "historyId": "a93ebd08acba2f6800b00c90edb79475", "testCaseId": "a93ebd08acba2f6800b00c90edb79475", "fullName": "tests.test_personal_account.TestPersonalAccount#test_logout_from_personal_area_authorized_user", "labels": [{"name": "tag", "value": "@pytest.mark.usefixtures('login')"}, {"name": "parentSuite", "value": "tests"}, {"name": "suite", "value": "test_personal_account"}, {"name": "subSuite", "value": "TestPersonalAccount"}, {"name": "host", "value": "MacBook-Air-Artem.local"}, {"name": "thread", "value": "64230-MainThread"}, {"name": "framework", "value": "pytest"}, {"name": "language", "value": "cpython3"}, {"name": "package", "value": "tests.test_personal_account"}]}