{"name": "Открытие модального окна ингредиента", "status": "failed", "statusDetails": {"message": "AssertionError: Модальное окно не открылось\nassert False\n +  where False = <bound method IngredientDetailsPage.is_modal_open of <page.ingridient_details_page.IngredientDetailsPage object at 0x10665bd00>>()\n +    where <bound method IngredientDetailsPage.is_modal_open of <page.ingridient_details_page.IngredientDetailsPage object at 0x10665bd00>> = <page.ingridient_details_page.IngredientDetailsPage object at 0x10665bd00>.is_modal_open", "trace": "self = <test_constructor.TestConstructor object at 0x10665a400>\nopen_browser = <selenium.webdriver.chrome.webdriver.WebDriver (session=\"42e79b2a51f98c77cde4af69c77cad79\")>\n\n    @allure.title('Открытие модального окна ингредиента')\n    def test_open_ingredient_modal(self, open_browser):\n        home_page = HomePage(open_browser)\n        ingredient_details = IngredientDetailsPage(open_browser)\n        home_page.open_home_page()\n        time.sleep(5)\n        home_page.click_fluorescent_bun()\n>       assert ingredient_details.is_modal_open(), \"Модальное окно не открылось\"\nE       AssertionError: Модальное окно не открылось\nE       assert False\nE        +  where False = <bound method IngredientDetailsPage.is_modal_open of <page.ingridient_details_page.IngredientDetailsPage object at 0x10665bd00>>()\nE        +    where <bound method IngredientDetailsPage.is_modal_open of <page.ingridient_details_page.IngredientDetailsPage object at 0x10665bd00>> = <page.ingridient_details_page.IngredientDetailsPage object at 0x10665bd00>.is_modal_open\n\ntests/test_constructor.py:17: AssertionError"}, "steps": [{"name": "Открытие главной страницы сайта", "status": "passed", "steps": [{"name": "Переход по URL: 'https://stellarburgers.nomoreparties.site/'", "status": "passed", "steps": [{"name": "Ожидание видимости элемента: ('xpath', \"//section[2]/div/button[text()='Войти в аккаунт']\")", "status": "passed", "parameters": [{"name": "locator", "value": "('xpath', \"//section[2]/div/button[text()='Войти в аккаунт']\")"}], "start": 1729771678991, "stop": 1729771679007}], "parameters": [{"name": "url", "value": "'https://stellarburgers.nomoreparties.site/'"}, {"name": "expected_element", "value": "('xpath', \"//section[2]/div/button[text()='Войти в аккаунт']\")"}], "start": 1729771678624, "stop": 1729771679007}], "start": 1729771678624, "stop": 1729771679007}, {"name": "Клик по флуоресцентной булочке", "status": "passed", "steps": [{"name": "Ожидание видимости элемента: ('xpath', \"//p[contains(text(), 'Флюоресцентная булка')]/parent::a\")", "status": "passed", "parameters": [{"name": "locator", "value": "('xpath', \"//p[contains(text(), 'Флюоресцентная булка')]/parent::a\")"}], "start": 1729771684013, "stop": 1729771684036}, {"name": "Клик по элементу: ('xpath', \"//p[contains(text(), 'Флюоресцентная булка')]/parent::a\")", "status": "passed", "steps": [{"name": "Ожидание видимости элемента: ('xpath', \"//p[contains(text(), 'Флюоресцентная булка')]/parent::a\")", "status": "passed", "parameters": [{"name": "locator", "value": "('xpath', \"//p[contains(text(), 'Флюоресцентная булка')]/parent::a\")"}], "start": 1729771684036, "stop": 1729771684046}], "parameters": [{"name": "locator", "value": "('xpath', \"//p[contains(text(), 'Флюоресцентная булка')]/parent::a\")"}, {"name": "expected_element", "value": "None"}], "start": 1729771684036, "stop": 1729771684075}], "start": 1729771684013, "stop": 1729771684075}, {"name": "Проверка, что модальное окно ингредиента открыто", "status": "passed", "steps": [{"name": "Проверка, что элемент виден: ('xpath', \"//h2[text()='Детали ингредиента']\")", "status": "passed", "steps": [{"name": "Ожидание видимости элемента: ('xpath', \"//h2[text()='Детали ингредиента']\")", "status": "broken", "statusDetails": {"message": "TypeError: wait_for_element() takes 2 positional arguments but 3 were given\n", "trace": "  File \"/Users/artemkrivoshein/Diplom/Diplom_3/venv/lib/python3.9/site-packages/allure_commons/_allure.py\", line 192, in impl\n    return func(*a, **kw)\n"}, "parameters": [{"name": "locator", "value": "('xpath', \"//h2[text()='Детали ингредиента']\")"}], "start": 1729771684076, "stop": 1729771684076}], "parameters": [{"name": "locator", "value": "('xpath', \"//h2[text()='Детали ингредиента']\")"}, {"name": "timeout", "value": "30"}], "start": 1729771684076, "stop": 1729771684077}], "start": 1729771684075, "stop": 1729771684077}], "start": 1729771678624, "stop": 1729771684078, "uuid": "bc4b30df-1e65-4b80-bdd7-4210f0453de9", "historyId": "8a40fdddb81255b65cf83450a45902c0", "testCaseId": "8a40fdddb81255b65cf83450a45902c0", "fullName": "tests.test_constructor.TestConstructor#test_open_ingredient_modal", "labels": [{"name": "parentSuite", "value": "tests"}, {"name": "suite", "value": "test_constructor"}, {"name": "subSuite", "value": "TestConstructor"}, {"name": "host", "value": "MacBook-Air-Artem.local"}, {"name": "thread", "value": "67181-MainThread"}, {"name": "framework", "value": "pytest"}, {"name": "language", "value": "cpython3"}, {"name": "package", "value": "tests.test_constructor"}]}