{"name": "Открытие модального окна ингредиента", "status": "failed", "statusDetails": {"message": "AssertionError: Модальное окно не открылось\nassert False\n +  where False = <bound method IngredientDetailsPage.is_modal_open of <page.ingridient_details_page.IngredientDetailsPage object at 0x102cd3490>>()\n +    where <bound method IngredientDetailsPage.is_modal_open of <page.ingridient_details_page.IngredientDetailsPage object at 0x102cd3490>> = <page.ingridient_details_page.IngredientDetailsPage object at 0x102cd3490>.is_modal_open", "trace": "self = <test_constructor.TestConstructor object at 0x102cd36d0>\nopen_browser = <selenium.webdriver.chrome.webdriver.WebDriver (session=\"7bfadddeed831a8b0bb54ab40bf099b9\")>\n\n    @allure.title('Открытие модального окна ингредиента')\n    def test_open_ingredient_modal(self, open_browser):\n        home_page = HomePage(open_browser)\n        ingredient_details = IngredientDetailsPage(open_browser)\n        home_page.open_home_page()\n        time.sleep(10)\n        home_page.click_fluorescent_bun()\n        time.sleep(10)\n>       assert ingredient_details.is_modal_open(), \"Модальное окно не открылось\"\nE       AssertionError: Модальное окно не открылось\nE       assert False\nE        +  where False = <bound method IngredientDetailsPage.is_modal_open of <page.ingridient_details_page.IngredientDetailsPage object at 0x102cd3490>>()\nE        +    where <bound method IngredientDetailsPage.is_modal_open of <page.ingridient_details_page.IngredientDetailsPage object at 0x102cd3490>> = <page.ingridient_details_page.IngredientDetailsPage object at 0x102cd3490>.is_modal_open\n\ntests/test_constructor.py:17: AssertionError"}, "steps": [{"name": "Открытие главной страницы сайта", "status": "passed", "steps": [{"name": "Переход по URL: 'https://stellarburgers.nomoreparties.site/'", "status": "passed", "steps": [{"name": "Ожидание видимости элемента: ('xpath', \"//section[2]/div/button[text()='Войти в аккаунт']\")", "status": "passed", "parameters": [{"name": "locator", "value": "('xpath', \"//section[2]/div/button[text()='Войти в аккаунт']\")"}], "start": 1729772279209, "stop": 1729772279223}], "parameters": [{"name": "url", "value": "'https://stellarburgers.nomoreparties.site/'"}, {"name": "expected_element", "value": "('xpath', \"//section[2]/div/button[text()='Войти в аккаунт']\")"}], "start": 1729772278836, "stop": 1729772279223}], "start": 1729772278836, "stop": 1729772279223}, {"name": "Клик по флуоресцентной булочке", "status": "passed", "steps": [{"name": "Ожидание видимости элемента: ('css selector', \"img[alt='Флюоресцентная булка R2-D3']\")", "status": "passed", "parameters": [{"name": "locator", "value": "('css selector', \"img[alt='Флюоресцентная булка R2-D3']\")"}], "start": 1729772289224, "stop": 1729772289239}, {"name": "Клик по элементу: ('css selector', \"img[alt='Флюоресцентная булка R2-D3']\")", "status": "passed", "steps": [{"name": "Ожидание видимости элемента: ('css selector', \"img[alt='Флюоресцентная булка R2-D3']\")", "status": "passed", "parameters": [{"name": "locator", "value": "('css selector', \"img[alt='Флюоресцентная булка R2-D3']\")"}], "start": 1729772289239, "stop": 1729772289247}], "parameters": [{"name": "locator", "value": "('css selector', \"img[alt='Флюоресцентная булка R2-D3']\")"}, {"name": "expected_element", "value": "None"}], "start": 1729772289239, "stop": 1729772289280}], "start": 1729772289224, "stop": 1729772289280}, {"name": "Проверка, что модальное окно ингредиента открыто", "status": "passed", "steps": [{"name": "Ожидание видимости элемента: ('xpath', \"//h2[text()='Детали ингредиента']\")", "status": "passed", "parameters": [{"name": "locator", "value": "('xpath', \"//h2[text()='Детали ингредиента']\")"}], "start": 1729772299286, "stop": 1729772299308}, {"name": "Проверка, что элемент виден: ('xpath', \"//h2[text()='Детали ингредиента']\")", "status": "passed", "steps": [{"name": "Ожидание видимости элемента: ('xpath', \"//h2[text()='Детали ингредиента']\")", "status": "broken", "statusDetails": {"message": "TypeError: wait_for_element() takes 2 positional arguments but 3 were given\n", "trace": "  File \"/Users/artemkrivoshein/Diplom/Diplom_3/venv/lib/python3.9/site-packages/allure_commons/_allure.py\", line 192, in impl\n    return func(*a, **kw)\n"}, "parameters": [{"name": "locator", "value": "('xpath', \"//h2[text()='Детали ингредиента']\")"}], "start": 1729772299308, "stop": 1729772299308}], "parameters": [{"name": "locator", "value": "('xpath', \"//h2[text()='Детали ингредиента']\")"}, {"name": "timeout", "value": "30"}], "start": 1729772299308, "stop": 1729772299310}], "start": 1729772299286, "stop": 1729772299310}], "start": 1729772278836, "stop": 1729772299310, "uuid": "0d7e36de-6008-4743-aa34-8558b54358f3", "historyId": "8a40fdddb81255b65cf83450a45902c0", "testCaseId": "8a40fdddb81255b65cf83450a45902c0", "fullName": "tests.test_constructor.TestConstructor#test_open_ingredient_modal", "labels": [{"name": "parentSuite", "value": "tests"}, {"name": "suite", "value": "test_constructor"}, {"name": "subSuite", "value": "TestConstructor"}, {"name": "host", "value": "MacBook-Air-Artem.local"}, {"name": "thread", "value": "67652-MainThread"}, {"name": "framework", "value": "pytest"}, {"name": "language", "value": "cpython3"}, {"name": "package", "value": "tests.test_constructor"}]}