{"name": "Увеличение счётчика ингредиента при добавлении в заказ", "status": "broken", "statusDetails": {"message": "selenium.common.exceptions.TimeoutException: Message: \nStacktrace:\n0   chromedriver                        0x0000000105533634 cxxbridge1$str$ptr + 3645404\n1   chromedriver                        0x000000010552be94 cxxbridge1$str$ptr + 3614780\n2   chromedriver                        0x0000000104f98104 cxxbridge1$string$len + 88416\n3   chromedriver                        0x0000000104fda364 cxxbridge1$string$len + 359360\n4   chromedriver                        0x0000000105013bd0 cxxbridge1$string$len + 594988\n5   chromedriver                        0x0000000104fcef54 cxxbridge1$string$len + 313264\n6   chromedriver                        0x0000000104fcfba4 cxxbridge1$string$len + 316416\n7   chromedriver                        0x00000001054fe1d4 cxxbridge1$str$ptr + 3427196\n8   chromedriver                        0x0000000105501518 cxxbridge1$str$ptr + 3440320\n9   chromedriver                        0x00000001054e55f8 cxxbridge1$str$ptr + 3325856\n10  chromedriver                        0x0000000105501ddc cxxbridge1$str$ptr + 3442564\n11  chromedriver                        0x00000001054d687c cxxbridge1$str$ptr + 3265060\n12  chromedriver                        0x000000010551c884 cxxbridge1$str$ptr + 3551788\n13  chromedriver                        0x000000010551ca00 cxxbridge1$str$ptr + 3552168\n14  chromedriver                        0x000000010552bb2c cxxbridge1$str$ptr + 3613908\n15  libsystem_pthread.dylib             0x0000000192c132e4 _pthread_start + 136\n16  libsystem_pthread.dylib             0x0000000192c0e0fc thread_start + 8", "trace": "self = <test_order.TestOrderFlow object at 0x1063dec70>\nopen_browser = <selenium.webdriver.chrome.webdriver.WebDriver (session=\"76be888cd31c9eb4cd3efc0ed53125a3\")>\n\n    @allure.title('Увеличение счётчика ингредиента при добавлении в заказ')\n    def test_ingredient_counter_increases_after_addition(self, open_browser):\n        ingredient_page = IngredientPage(open_browser)\n>       ingredient_page.add_ingredient()\n\ntests/test_order.py:16: \n_ _ _ _ _ _ _ _ _ _ _ _ _ _ _ _ _ _ _ _ _ _ _ _ _ _ _ _ _ _ _ _ _ _ _ _ _ _ _ _ _ _ _ _ _ _ _ _ _ _ _ _ _ _ _ _ _ _ _ _ _ _ _ _ _ _ _ _ _ _ _ _ _ _ _ \npage/ingridient_bun_page.py:13: in add_ingredient\n    ingredient = self.wait_for_element(IngredientBunLocators.INGREDIENT_MODAL)\npage/base_page.py:16: in wait_for_element\n    return WebDriverWait(self.driver, 30).until(expected_conditions.visibility_of_element_located(locator))\n_ _ _ _ _ _ _ _ _ _ _ _ _ _ _ _ _ _ _ _ _ _ _ _ _ _ _ _ _ _ _ _ _ _ _ _ _ _ _ _ _ _ _ _ _ _ _ _ _ _ _ _ _ _ _ _ _ _ _ _ _ _ _ _ _ _ _ _ _ _ _ _ _ _ _ \n\nself = <selenium.webdriver.support.wait.WebDriverWait (session=\"76be888cd31c9eb4cd3efc0ed53125a3\")>\nmethod = <function visibility_of_element_located.<locals>._predicate at 0x1063eef70>, message = ''\n\n    def until(self, method: Callable[[D], Union[Literal[False], T]], message: str = \"\") -> T:\n        \"\"\"Calls the method provided with the driver as an argument until the \\\n        return value does not evaluate to ``False``.\n    \n        :param method: callable(WebDriver)\n        :param message: optional message for :exc:`TimeoutException`\n        :returns: the result of the last call to `method`\n        :raises: :exc:`selenium.common.exceptions.TimeoutException` if timeout occurs\n        \"\"\"\n        screen = None\n        stacktrace = None\n    \n        end_time = time.monotonic() + self._timeout\n        while True:\n            try:\n                value = method(self._driver)\n                if value:\n                    return value\n            except self._ignored_exceptions as exc:\n                screen = getattr(exc, \"screen\", None)\n                stacktrace = getattr(exc, \"stacktrace\", None)\n            time.sleep(self._poll)\n            if time.monotonic() > end_time:\n                break\n>       raise TimeoutException(message, screen, stacktrace)\nE       selenium.common.exceptions.TimeoutException: Message: \nE       Stacktrace:\nE       0   chromedriver                        0x0000000105533634 cxxbridge1$str$ptr + 3645404\nE       1   chromedriver                        0x000000010552be94 cxxbridge1$str$ptr + 3614780\nE       2   chromedriver                        0x0000000104f98104 cxxbridge1$string$len + 88416\nE       3   chromedriver                        0x0000000104fda364 cxxbridge1$string$len + 359360\nE       4   chromedriver                        0x0000000105013bd0 cxxbridge1$string$len + 594988\nE       5   chromedriver                        0x0000000104fcef54 cxxbridge1$string$len + 313264\nE       6   chromedriver                        0x0000000104fcfba4 cxxbridge1$string$len + 316416\nE       7   chromedriver                        0x00000001054fe1d4 cxxbridge1$str$ptr + 3427196\nE       8   chromedriver                        0x0000000105501518 cxxbridge1$str$ptr + 3440320\nE       9   chromedriver                        0x00000001054e55f8 cxxbridge1$str$ptr + 3325856\nE       10  chromedriver                        0x0000000105501ddc cxxbridge1$str$ptr + 3442564\nE       11  chromedriver                        0x00000001054d687c cxxbridge1$str$ptr + 3265060\nE       12  chromedriver                        0x000000010551c884 cxxbridge1$str$ptr + 3551788\nE       13  chromedriver                        0x000000010551ca00 cxxbridge1$str$ptr + 3552168\nE       14  chromedriver                        0x000000010552bb2c cxxbridge1$str$ptr + 3613908\nE       15  libsystem_pthread.dylib             0x0000000192c132e4 _pthread_start + 136\nE       16  libsystem_pthread.dylib             0x0000000192c0e0fc thread_start + 8\n\nvenv/lib/python3.9/site-packages/selenium/webdriver/support/wait.py:105: TimeoutException"}, "steps": [{"name": "Добавление ингредиента 'Флюоресцентный бургер' в конструктор", "status": "broken", "statusDetails": {"message": "selenium.common.exceptions.TimeoutException: Message: \nStacktrace:\n0   chromedriver                        0x0000000105533634 cxxbridge1$str$ptr + 3645404\n1   chromedriver                        0x000000010552be94 cxxbridge1$str$ptr + 3614780\n2   chromedriver                        0x0000000104f98104 cxxbridge1$string$len + 88416\n3   chromedriver                        0x0000000104fda364 cxxbridge1$string$len + 359360\n4   chromedriver                        0x0000000105013bd0 cxxbridge1$string$len + 594988\n5   chromedriver                        0x0000000104fcef54 cxxbridge1$string$len + 313264\n6   chromedriver                        0x0000000104fcfba4 cxxbridge1$string$len + 316416\n7   chromedriver                        0x00000001054fe1d4 cxxbridge1$str$ptr + 3427196\n8   chromedriver                        0x0000000105501518 cxxbridge1$str$ptr + 3440320\n9   chromedriver                        0x00000001054e55f8 cxxbridge1$str$ptr + 3325856\n10  chromedriver                        0x0000000105501ddc cxxbridge1$str$ptr + 3442564\n11  chromedriver                        0x00000001054d687c cxxbridge1$str$ptr + 3265060\n12  chromedriver                        0x000000010551c884 cxxbridge1$str$ptr + 3551788\n13  chromedriver                        0x000000010551ca00 cxxbridge1$str$ptr + 3552168\n14  chromedriver                        0x000000010552bb2c cxxbridge1$str$ptr + 3613908\n15  libsystem_pthread.dylib             0x0000000192c132e4 _pthread_start + 136\n16  libsystem_pthread.dylib             0x0000000192c0e0fc thread_start + 8\n\n", "trace": "  File \"/Users/artemkrivoshein/Diplom/Diplom_3/venv/lib/python3.9/site-packages/allure_commons/_allure.py\", line 192, in impl\n    return func(*a, **kw)\n  File \"/Users/artemkrivoshein/Diplom/Diplom_3/page/ingridient_bun_page.py\", line 13, in add_ingredient\n    ingredient = self.wait_for_element(IngredientBunLocators.INGREDIENT_MODAL)\n  File \"/Users/artemkrivoshein/Diplom/Diplom_3/venv/lib/python3.9/site-packages/allure_commons/_allure.py\", line 192, in impl\n    return func(*a, **kw)\n  File \"/Users/artemkrivoshein/Diplom/Diplom_3/page/base_page.py\", line 16, in wait_for_element\n    return WebDriverWait(self.driver, 30).until(expected_conditions.visibility_of_element_located(locator))\n  File \"/Users/artemkrivoshein/Diplom/Diplom_3/venv/lib/python3.9/site-packages/selenium/webdriver/support/wait.py\", line 105, in until\n    raise TimeoutException(message, screen, stacktrace)\n"}, "steps": [{"name": "Ожидание видимости элемента: ('xpath', \"//p[contains(text(),'Флюоресцентный бургер')]\")", "status": "broken", "statusDetails": {"message": "selenium.common.exceptions.TimeoutException: Message: \nStacktrace:\n0   chromedriver                        0x0000000105533634 cxxbridge1$str$ptr + 3645404\n1   chromedriver                        0x000000010552be94 cxxbridge1$str$ptr + 3614780\n2   chromedriver                        0x0000000104f98104 cxxbridge1$string$len + 88416\n3   chromedriver                        0x0000000104fda364 cxxbridge1$string$len + 359360\n4   chromedriver                        0x0000000105013bd0 cxxbridge1$string$len + 594988\n5   chromedriver                        0x0000000104fcef54 cxxbridge1$string$len + 313264\n6   chromedriver                        0x0000000104fcfba4 cxxbridge1$string$len + 316416\n7   chromedriver                        0x00000001054fe1d4 cxxbridge1$str$ptr + 3427196\n8   chromedriver                        0x0000000105501518 cxxbridge1$str$ptr + 3440320\n9   chromedriver                        0x00000001054e55f8 cxxbridge1$str$ptr + 3325856\n10  chromedriver                        0x0000000105501ddc cxxbridge1$str$ptr + 3442564\n11  chromedriver                        0x00000001054d687c cxxbridge1$str$ptr + 3265060\n12  chromedriver                        0x000000010551c884 cxxbridge1$str$ptr + 3551788\n13  chromedriver                        0x000000010551ca00 cxxbridge1$str$ptr + 3552168\n14  chromedriver                        0x000000010552bb2c cxxbridge1$str$ptr + 3613908\n15  libsystem_pthread.dylib             0x0000000192c132e4 _pthread_start + 136\n16  libsystem_pthread.dylib             0x0000000192c0e0fc thread_start + 8\n\n", "trace": "  File \"/Users/artemkrivoshein/Diplom/Diplom_3/venv/lib/python3.9/site-packages/allure_commons/_allure.py\", line 192, in impl\n    return func(*a, **kw)\n  File \"/Users/artemkrivoshein/Diplom/Diplom_3/page/base_page.py\", line 16, in wait_for_element\n    return WebDriverWait(self.driver, 30).until(expected_conditions.visibility_of_element_located(locator))\n  File \"/Users/artemkrivoshein/Diplom/Diplom_3/venv/lib/python3.9/site-packages/selenium/webdriver/support/wait.py\", line 105, in until\n    raise TimeoutException(message, screen, stacktrace)\n"}, "parameters": [{"name": "locator", "value": "('xpath', \"//p[contains(text(),'Флюоресцентный бургер')]\")"}], "start": 1729709175962, "stop": 1729709206289}], "start": 1729709175962, "stop": 1729709206298}], "start": 1729709175962, "stop": 1729709206301, "uuid": "9c4b3907-53ac-4d23-8431-1dd81d7babd3", "historyId": "1dc06a8bdb360134092763a61a1b1083", "testCaseId": "1dc06a8bdb360134092763a61a1b1083", "fullName": "tests.test_order.TestOrderFlow#test_ingredient_counter_increases_after_addition", "labels": [{"name": "tag", "value": "@pytest.mark.usefixtures('login')"}, {"name": "parentSuite", "value": "tests"}, {"name": "suite", "value": "test_order"}, {"name": "subSuite", "value": "TestOrderFlow"}, {"name": "host", "value": "MacBook-Air-Artem.local"}, {"name": "thread", "value": "64230-MainThread"}, {"name": "framework", "value": "pytest"}, {"name": "language", "value": "cpython3"}, {"name": "package", "value": "tests.test_order"}]}