{"name": "Проверка ввода почты на странице восстановления пароля и клика по кнопке «Восстановить»", "status": "broken", "statusDetails": {"message": "selenium.common.exceptions.ElementClickInterceptedException: Message: element click intercepted: Element <button class=\"button_button__33qZ0 button_button_type_primary__1O7Bx button_button_size_medium__3zxIa\">...</button> is not clickable at point (640, 461). Other element would receive the click: <div class=\"Modal_modal_overlay__x2ZCr\"></div>\n  (Session info: chrome=130.0.6723.69)\nStacktrace:\n0   chromedriver                        0x000000010501b634 cxxbridge1$str$ptr + 3645404\n1   chromedriver                        0x0000000105013e94 cxxbridge1$str$ptr + 3614780\n2   chromedriver                        0x0000000104a80104 cxxbridge1$string$len + 88416\n3   chromedriver                        0x0000000104ac7a74 cxxbridge1$string$len + 381648\n4   chromedriver                        0x0000000104ac60dc cxxbridge1$string$len + 375096\n5   chromedriver                        0x0000000104ac4320 cxxbridge1$string$len + 367484\n6   chromedriver                        0x0000000104ac3534 cxxbridge1$string$len + 363920\n7   chromedriver                        0x0000000104ab8e14 cxxbridge1$string$len + 321136\n8   chromedriver                        0x0000000104ab88b0 cxxbridge1$string$len + 319756\n9   chromedriver                        0x0000000104afbbd0 cxxbridge1$string$len + 594988\n10  chromedriver                        0x0000000104ab6f54 cxxbridge1$string$len + 313264\n11  chromedriver                        0x0000000104ab7ba4 cxxbridge1$string$len + 316416\n12  chromedriver                        0x0000000104fe61d4 cxxbridge1$str$ptr + 3427196\n13  chromedriver                        0x0000000104fe9518 cxxbridge1$str$ptr + 3440320\n14  chromedriver                        0x0000000104fcd5f8 cxxbridge1$str$ptr + 3325856\n15  chromedriver                        0x0000000104fe9ddc cxxbridge1$str$ptr + 3442564\n16  chromedriver                        0x0000000104fbe87c cxxbridge1$str$ptr + 3265060\n17  chromedriver                        0x0000000105004884 cxxbridge1$str$ptr + 3551788\n18  chromedriver                        0x0000000105004a00 cxxbridge1$str$ptr + 3552168\n19  chromedriver                        0x0000000105013b2c cxxbridge1$str$ptr + 3613908\n20  libsystem_pthread.dylib             0x0000000192c132e4 _pthread_start + 136\n21  libsystem_pthread.dylib             0x0000000192c0e0fc thread_start + 8", "trace": "self = <test_forgot_password.TestForgotPassword object at 0x101d82b20>\nopen_browser = <selenium.webdriver.chrome.webdriver.WebDriver (session=\"461e94709c6c45e8f94978407af70feb\")>\n\n    @allure.title('Проверка ввода почты на странице восстановления пароля и клика по кнопке «Восстановить»')\n    def test_page_enter_email_and_redirect_reset_password(self, open_browser):\n        forgot_password = ForgotPasswordPage(open_browser)\n        forgot_password.open_forgot_password_page()\n        forgot_password.enter_email(\"test@example.com\")\n        forgot_password.wait_for_element(ForgotPasswordBurger.BUTTON_RESTORE_PASSWORD)\n>       forgot_password.click_button_restore_password()\n\ntests/test_forgot_password.py:25: \n_ _ _ _ _ _ _ _ _ _ _ _ _ _ _ _ _ _ _ _ _ _ _ _ _ _ _ _ _ _ _ _ _ _ _ _ _ _ _ _ _ _ _ _ _ _ _ _ _ _ _ _ _ _ _ _ _ _ _ _ _ _ _ _ _ _ _ _ _ _ _ _ _ _ _ \npage/forgot_password_page.py:20: in click_button_restore_password\n    self.action_click(ForgotPasswordBurger.BUTTON_RESTORE_PASSWORD)\npage/base_page.py:45: in action_click\n    element.click()\nvenv/lib/python3.9/site-packages/selenium/webdriver/remote/webelement.py:94: in click\n    self._execute(Command.CLICK_ELEMENT)\nvenv/lib/python3.9/site-packages/selenium/webdriver/remote/webelement.py:395: in _execute\n    return self._parent.execute(command, params)\nvenv/lib/python3.9/site-packages/selenium/webdriver/remote/webdriver.py:354: in execute\n    self.error_handler.check_response(response)\n_ _ _ _ _ _ _ _ _ _ _ _ _ _ _ _ _ _ _ _ _ _ _ _ _ _ _ _ _ _ _ _ _ _ _ _ _ _ _ _ _ _ _ _ _ _ _ _ _ _ _ _ _ _ _ _ _ _ _ _ _ _ _ _ _ _ _ _ _ _ _ _ _ _ _ \n\nself = <selenium.webdriver.remote.errorhandler.ErrorHandler object at 0x101d48e20>\nresponse = {'status': 400, 'value': '{\"value\":{\"error\":\"element click intercepted\",\"message\":\"element click intercepted: Element ...000192c132e4 _pthread_start + 136\\\\n21  libsystem_pthread.dylib             0x0000000192c0e0fc thread_start + 8\\\\n\"}}'}\n\n    def check_response(self, response: Dict[str, Any]) -> None:\n        \"\"\"Checks that a JSON response from the WebDriver does not have an\n        error.\n    \n        :Args:\n         - response - The JSON response from the WebDriver server as a dictionary\n           object.\n    \n        :Raises: If the response contains an error message.\n        \"\"\"\n        status = response.get(\"status\", None)\n        if not status or status == ErrorCode.SUCCESS:\n            return\n        value = None\n        message = response.get(\"message\", \"\")\n        screen: str = response.get(\"screen\", \"\")\n        stacktrace = None\n        if isinstance(status, int):\n            value_json = response.get(\"value\", None)\n            if value_json and isinstance(value_json, str):\n                import json\n    \n                try:\n                    value = json.loads(value_json)\n                    if len(value) == 1:\n                        value = value[\"value\"]\n                    status = value.get(\"error\", None)\n                    if not status:\n                        status = value.get(\"status\", ErrorCode.UNKNOWN_ERROR)\n                        message = value.get(\"value\") or value.get(\"message\")\n                        if not isinstance(message, str):\n                            value = message\n                            message = message.get(\"message\")\n                    else:\n                        message = value.get(\"message\", None)\n                except ValueError:\n                    pass\n    \n        exception_class: Type[WebDriverException]\n        e = ErrorCode()\n        error_codes = [item for item in dir(e) if not item.startswith(\"__\")]\n        for error_code in error_codes:\n            error_info = getattr(ErrorCode, error_code)\n            if isinstance(error_info, list) and status in error_info:\n                exception_class = getattr(ExceptionMapping, error_code, WebDriverException)\n                break\n        else:\n            exception_class = WebDriverException\n    \n        if not value:\n            value = response[\"value\"]\n        if isinstance(value, str):\n            raise exception_class(value)\n        if message == \"\" and \"message\" in value:\n            message = value[\"message\"]\n    \n        screen = None  # type: ignore[assignment]\n        if \"screen\" in value:\n            screen = value[\"screen\"]\n    \n        stacktrace = None\n        st_value = value.get(\"stackTrace\") or value.get(\"stacktrace\")\n        if st_value:\n            if isinstance(st_value, str):\n                stacktrace = st_value.split(\"\\n\")\n            else:\n                stacktrace = []\n                try:\n                    for frame in st_value:\n                        line = frame.get(\"lineNumber\", \"\")\n                        file = frame.get(\"fileName\", \"<anonymous>\")\n                        if line:\n                            file = f\"{file}:{line}\"\n                        meth = frame.get(\"methodName\", \"<anonymous>\")\n                        if \"className\" in frame:\n                            meth = f\"{frame['className']}.{meth}\"\n                        msg = \"    at %s (%s)\"\n                        msg = msg % (meth, file)\n                        stacktrace.append(msg)\n                except TypeError:\n                    pass\n        if exception_class == UnexpectedAlertPresentException:\n            alert_text = None\n            if \"data\" in value:\n                alert_text = value[\"data\"].get(\"text\")\n            elif \"alert\" in value:\n                alert_text = value[\"alert\"].get(\"text\")\n            raise exception_class(message, screen, stacktrace, alert_text)  # type: ignore[call-arg]  # mypy is not smart enough here\n>       raise exception_class(message, screen, stacktrace)\nE       selenium.common.exceptions.ElementClickInterceptedException: Message: element click intercepted: Element <button class=\"button_button__33qZ0 button_button_type_primary__1O7Bx button_button_size_medium__3zxIa\">...</button> is not clickable at point (640, 461). Other element would receive the click: <div class=\"Modal_modal_overlay__x2ZCr\"></div>\nE         (Session info: chrome=130.0.6723.69)\nE       Stacktrace:\nE       0   chromedriver                        0x000000010501b634 cxxbridge1$str$ptr + 3645404\nE       1   chromedriver                        0x0000000105013e94 cxxbridge1$str$ptr + 3614780\nE       2   chromedriver                        0x0000000104a80104 cxxbridge1$string$len + 88416\nE       3   chromedriver                        0x0000000104ac7a74 cxxbridge1$string$len + 381648\nE       4   chromedriver                        0x0000000104ac60dc cxxbridge1$string$len + 375096\nE       5   chromedriver                        0x0000000104ac4320 cxxbridge1$string$len + 367484\nE       6   chromedriver                        0x0000000104ac3534 cxxbridge1$string$len + 363920\nE       7   chromedriver                        0x0000000104ab8e14 cxxbridge1$string$len + 321136\nE       8   chromedriver                        0x0000000104ab88b0 cxxbridge1$string$len + 319756\nE       9   chromedriver                        0x0000000104afbbd0 cxxbridge1$string$len + 594988\nE       10  chromedriver                        0x0000000104ab6f54 cxxbridge1$string$len + 313264\nE       11  chromedriver                        0x0000000104ab7ba4 cxxbridge1$string$len + 316416\nE       12  chromedriver                        0x0000000104fe61d4 cxxbridge1$str$ptr + 3427196\nE       13  chromedriver                        0x0000000104fe9518 cxxbridge1$str$ptr + 3440320\nE       14  chromedriver                        0x0000000104fcd5f8 cxxbridge1$str$ptr + 3325856\nE       15  chromedriver                        0x0000000104fe9ddc cxxbridge1$str$ptr + 3442564\nE       16  chromedriver                        0x0000000104fbe87c cxxbridge1$str$ptr + 3265060\nE       17  chromedriver                        0x0000000105004884 cxxbridge1$str$ptr + 3551788\nE       18  chromedriver                        0x0000000105004a00 cxxbridge1$str$ptr + 3552168\nE       19  chromedriver                        0x0000000105013b2c cxxbridge1$str$ptr + 3613908\nE       20  libsystem_pthread.dylib             0x0000000192c132e4 _pthread_start + 136\nE       21  libsystem_pthread.dylib             0x0000000192c0e0fc thread_start + 8\n\nvenv/lib/python3.9/site-packages/selenium/webdriver/remote/errorhandler.py:229: ElementClickInterceptedException"}, "steps": [{"name": "Страница восстановление пароля - открытие", "status": "passed", "steps": [{"name": "Переход по URL: 'https://stellarburgers.nomoreparties.site/forgot-password'", "status": "passed", "steps": [{"name": "Ожидание видимости элемента: ('xpath', \"//button[text()='Восстановить']\")", "status": "passed", "parameters": [{"name": "locator", "value": "('xpath', \"//button[text()='Восстановить']\")"}, {"name": "timeout", "value": "10"}], "start": 1729784619149, "stop": 1729784619169}], "parameters": [{"name": "url", "value": "'https://stellarburgers.nomoreparties.site/forgot-password'"}, {"name": "expected_element", "value": "('xpath', \"//button[text()='Восстановить']\")"}], "start": 1729784618405, "stop": 1729784619169}], "start": 1729784618405, "stop": 1729784619169}, {"name": "Ввод email для восстановления пароля", "status": "passed", "steps": [{"name": "Ввод текста: 'test@example.com' в элемент ('xpath', \"//input[@name='name']\")", "status": "passed", "steps": [{"name": "Ожидание видимости элемента: ('xpath', \"//input[@name='name']\")", "status": "passed", "parameters": [{"name": "locator", "value": "('xpath', \"//input[@name='name']\")"}, {"name": "timeout", "value": "10"}], "start": 1729784619170, "stop": 1729784619182}], "parameters": [{"name": "locator", "value": "('xpath', \"//input[@name='name']\")"}, {"name": "text", "value": "'test@example.com'"}], "start": 1729784619169, "stop": 1729784619306}], "parameters": [{"name": "email", "value": "'test@example.com'"}], "start": 1729784619169, "stop": 1729784619306}, {"name": "Ожидание видимости элемента: ('xpath', \"//button[text()='Восстановить']\")", "status": "passed", "parameters": [{"name": "locator", "value": "('xpath', \"//button[text()='Восстановить']\")"}, {"name": "timeout", "value": "10"}], "start": 1729784619306, "stop": 1729784619315}, {"name": "Клик по кнопке восстановить пароль", "status": "broken", "statusDetails": {"message": "selenium.common.exceptions.ElementClickInterceptedException: Message: element click intercepted: Element <button class=\"button_button__33qZ0 button_button_type_primary__1O7Bx button_button_size_medium__3zxIa\">...</button> is not clickable at point (640, 461). Other element would receive the click: <div class=\"Modal_modal_overlay__x2ZCr\"></div>\n  (Session info: chrome=130.0.6723.69)\nStacktrace:\n0   chromedriver                        0x000000010501b634 cxxbridge1$str$ptr + 3645404\n1   chromedriver                        0x0000000105013e94 cxxbridge1$str$ptr + 3614780\n2   chromedriver                        0x0000000104a80104 cxxbridge1$string$len + 88416\n3   chromedriver                        0x0000000104ac7a74 cxxbridge1$string$len + 381648\n4   chromedriver                        0x0000000104ac60dc cxxbridge1$string$len + 375096\n5   chromedriver                        0x0000000104ac4320 cxxbridge1$string$len + 367484\n6   chromedriver                        0x0000000104ac3534 cxxbridge1$string$len + 363920\n7   chromedriver                        0x0000000104ab8e14 cxxbridge1$string$len + 321136\n8   chromedriver                        0x0000000104ab88b0 cxxbridge1$string$len + 319756\n9   chromedriver                        0x0000000104afbbd0 cxxbridge1$string$len + 594988\n10  chromedriver                        0x0000000104ab6f54 cxxbridge1$string$len + 313264\n11  chromedriver                        0x0000000104ab7ba4 cxxbridge1$string$len + 316416\n12  chromedriver                        0x0000000104fe61d4 cxxbridge1$str$ptr + 3427196\n13  chromedriver                        0x0000000104fe9518 cxxbridge1$str$ptr + 3440320\n14  chromedriver                        0x0000000104fcd5f8 cxxbridge1$str$ptr + 3325856\n15  chromedriver                        0x0000000104fe9ddc cxxbridge1$str$ptr + 3442564\n16  chromedriver                        0x0000000104fbe87c cxxbridge1$str$ptr + 3265060\n17  chromedriver                        0x0000000105004884 cxxbridge1$str$ptr + 3551788\n18  chromedriver                        0x0000000105004a00 cxxbridge1$str$ptr + 3552168\n19  chromedriver                        0x0000000105013b2c cxxbridge1$str$ptr + 3613908\n20  libsystem_pthread.dylib             0x0000000192c132e4 _pthread_start + 136\n21  libsystem_pthread.dylib             0x0000000192c0e0fc thread_start + 8\n\n", "trace": "  File \"/Users/artemkrivoshein/Diplom/Diplom_3/venv/lib/python3.9/site-packages/allure_commons/_allure.py\", line 192, in impl\n    return func(*a, **kw)\n  File \"/Users/artemkrivoshein/Diplom/Diplom_3/page/forgot_password_page.py\", line 20, in click_button_restore_password\n    self.action_click(ForgotPasswordBurger.BUTTON_RESTORE_PASSWORD)\n  File \"/Users/artemkrivoshein/Diplom/Diplom_3/venv/lib/python3.9/site-packages/allure_commons/_allure.py\", line 192, in impl\n    return func(*a, **kw)\n  File \"/Users/artemkrivoshein/Diplom/Diplom_3/page/base_page.py\", line 45, in action_click\n    element.click()\n  File \"/Users/artemkrivoshein/Diplom/Diplom_3/venv/lib/python3.9/site-packages/selenium/webdriver/remote/webelement.py\", line 94, in click\n    self._execute(Command.CLICK_ELEMENT)\n  File \"/Users/artemkrivoshein/Diplom/Diplom_3/venv/lib/python3.9/site-packages/selenium/webdriver/remote/webelement.py\", line 395, in _execute\n    return self._parent.execute(command, params)\n  File \"/Users/artemkrivoshein/Diplom/Diplom_3/venv/lib/python3.9/site-packages/selenium/webdriver/remote/webdriver.py\", line 354, in execute\n    self.error_handler.check_response(response)\n  File \"/Users/artemkrivoshein/Diplom/Diplom_3/venv/lib/python3.9/site-packages/selenium/webdriver/remote/errorhandler.py\", line 229, in check_response\n    raise exception_class(message, screen, stacktrace)\n"}, "steps": [{"name": "Клик по элементу: ('xpath', \"//button[text()='Восстановить']\")", "status": "broken", "statusDetails": {"message": "selenium.common.exceptions.ElementClickInterceptedException: Message: element click intercepted: Element <button class=\"button_button__33qZ0 button_button_type_primary__1O7Bx button_button_size_medium__3zxIa\">...</button> is not clickable at point (640, 461). Other element would receive the click: <div class=\"Modal_modal_overlay__x2ZCr\"></div>\n  (Session info: chrome=130.0.6723.69)\nStacktrace:\n0   chromedriver                        0x000000010501b634 cxxbridge1$str$ptr + 3645404\n1   chromedriver                        0x0000000105013e94 cxxbridge1$str$ptr + 3614780\n2   chromedriver                        0x0000000104a80104 cxxbridge1$string$len + 88416\n3   chromedriver                        0x0000000104ac7a74 cxxbridge1$string$len + 381648\n4   chromedriver                        0x0000000104ac60dc cxxbridge1$string$len + 375096\n5   chromedriver                        0x0000000104ac4320 cxxbridge1$string$len + 367484\n6   chromedriver                        0x0000000104ac3534 cxxbridge1$string$len + 363920\n7   chromedriver                        0x0000000104ab8e14 cxxbridge1$string$len + 321136\n8   chromedriver                        0x0000000104ab88b0 cxxbridge1$string$len + 319756\n9   chromedriver                        0x0000000104afbbd0 cxxbridge1$string$len + 594988\n10  chromedriver                        0x0000000104ab6f54 cxxbridge1$string$len + 313264\n11  chromedriver                        0x0000000104ab7ba4 cxxbridge1$string$len + 316416\n12  chromedriver                        0x0000000104fe61d4 cxxbridge1$str$ptr + 3427196\n13  chromedriver                        0x0000000104fe9518 cxxbridge1$str$ptr + 3440320\n14  chromedriver                        0x0000000104fcd5f8 cxxbridge1$str$ptr + 3325856\n15  chromedriver                        0x0000000104fe9ddc cxxbridge1$str$ptr + 3442564\n16  chromedriver                        0x0000000104fbe87c cxxbridge1$str$ptr + 3265060\n17  chromedriver                        0x0000000105004884 cxxbridge1$str$ptr + 3551788\n18  chromedriver                        0x0000000105004a00 cxxbridge1$str$ptr + 3552168\n19  chromedriver                        0x0000000105013b2c cxxbridge1$str$ptr + 3613908\n20  libsystem_pthread.dylib             0x0000000192c132e4 _pthread_start + 136\n21  libsystem_pthread.dylib             0x0000000192c0e0fc thread_start + 8\n\n", "trace": "  File \"/Users/artemkrivoshein/Diplom/Diplom_3/venv/lib/python3.9/site-packages/allure_commons/_allure.py\", line 192, in impl\n    return func(*a, **kw)\n  File \"/Users/artemkrivoshein/Diplom/Diplom_3/page/base_page.py\", line 45, in action_click\n    element.click()\n  File \"/Users/artemkrivoshein/Diplom/Diplom_3/venv/lib/python3.9/site-packages/selenium/webdriver/remote/webelement.py\", line 94, in click\n    self._execute(Command.CLICK_ELEMENT)\n  File \"/Users/artemkrivoshein/Diplom/Diplom_3/venv/lib/python3.9/site-packages/selenium/webdriver/remote/webelement.py\", line 395, in _execute\n    return self._parent.execute(command, params)\n  File \"/Users/artemkrivoshein/Diplom/Diplom_3/venv/lib/python3.9/site-packages/selenium/webdriver/remote/webdriver.py\", line 354, in execute\n    self.error_handler.check_response(response)\n  File \"/Users/artemkrivoshein/Diplom/Diplom_3/venv/lib/python3.9/site-packages/selenium/webdriver/remote/errorhandler.py\", line 229, in check_response\n    raise exception_class(message, screen, stacktrace)\n"}, "steps": [{"name": "Ожидание видимости элемента: ('xpath', \"//button[text()='Восстановить']\")", "status": "passed", "parameters": [{"name": "locator", "value": "('xpath', \"//button[text()='Восстановить']\")"}, {"name": "timeout", "value": "10"}], "start": 1729784619315, "stop": 1729784619322}], "parameters": [{"name": "locator", "value": "('xpath', \"//button[text()='Восстановить']\")"}, {"name": "expected_element", "value": "None"}], "start": 1729784619315, "stop": 1729784620386}], "start": 1729784619315, "stop": 1729784620396}], "start": 1729784618404, "stop": 1729784620398, "uuid": "8c891fd2-3085-47d3-a302-c694c4ca63fa", "historyId": "824e7bd6d6dfd857bc38ecf937ba54e1", "testCaseId": "824e7bd6d6dfd857bc38ecf937ba54e1", "fullName": "tests.test_forgot_password.TestForgotPassword#test_page_enter_email_and_redirect_reset_password", "labels": [{"name": "parentSuite", "value": "tests"}, {"name": "suite", "value": "test_forgot_password"}, {"name": "subSuite", "value": "TestForgotPassword"}, {"name": "host", "value": "MacBook-Air-Artem.local"}, {"name": "thread", "value": "71652-MainThread"}, {"name": "framework", "value": "pytest"}, {"name": "language", "value": "cpython3"}, {"name": "package", "value": "tests.test_forgot_password"}]}